<?xml version="1.0" encoding="UTF-8"?>
<!-- Generated by org.testng.reporters.JUnitReportReporter -->
<testsuite hostname="DESKTOP-A8NLMHK" failures="0" tests="2" name="com.TestNG.CrossBrowsingTesting" time="26.387" errors="0" timestamp="2024-11-11T14:40:52 IST" skipped="0">
  <testcase classname="com.TestNG.CrossBrowsingTesting" name="GoogleSearch" time="14.640"/>
  <testcase classname="com.TestNG.CrossBrowsingTesting" name="GoogleSearch" time="11.747"/>
</testsuite> <!-- com.TestNG.CrossBrowsingTesting -->
