<?xml version="1.0" encoding="UTF-8"?>
<!-- Generated by org.testng.reporters.JUnitReportReporter -->
<testsuite hostname="DESKTOP-A8NLMHK" failures="0" tests="1" name="com.TestNG.Assertion" time="6.610" errors="0" timestamp="2024-11-16T18:02:50 IST" skipped="0">
  <testcase classname="com.TestNG.Assertion" name="Google" time="6.610"/>
</testsuite> <!-- com.TestNG.Assertion -->
