<?xml version="1.0" encoding="UTF-8"?>
<!-- Generated by org.testng.reporters.JUnitReportReporter -->
<testsuite hostname="DESKTOP-A8NLMHK" failures="0" tests="2" name="com.TestNG.Demo" time="66.901" errors="0" timestamp="2024-11-09T16:29:02 IST" skipped="0">
  <testcase classname="com.TestNG.Demo" name="GoogleSearch" time="15.502"/>
  <testcase classname="com.TestNG.Demo" name="Facebook" time="51.399"/>
</testsuite> <!-- com.TestNG.Demo -->
