<?xml version="1.0" encoding="UTF-8"?>
<!-- Generated by org.testng.reporters.JUnitReportReporter -->
<testsuite hostname="DESKTOP-A8NLMHK" failures="0" tests="2" name="com.TestNG.Annotation" time="15.232" errors="0" timestamp="2024-11-16T16:17:20 IST" skipped="0">
  <testcase classname="com.TestNG.Annotation" name="mobile" time="8.214"/>
  <testcase classname="com.TestNG.Annotation" name="shoes" time="7.018"/>
</testsuite> <!-- com.TestNG.Annotation -->
