<?xml version="1.0" encoding="UTF-8"?>
<!-- Generated by org.testng.reporters.JUnitReportReporter -->
<testsuite hostname="DESKTOP-A8NLMHK" failures="0" tests="5" name="com.TestNG.GoogleSearch" time="32.436" errors="0" timestamp="2024-11-16T17:20:08 IST" skipped="0">
  <testcase classname="com.TestNG.GoogleSearch" name="search" time="5.507"/>
  <testcase classname="com.TestNG.GoogleSearch" name="search" time="7.265"/>
  <testcase classname="com.TestNG.GoogleSearch" name="search" time="8.561"/>
  <testcase classname="com.TestNG.GoogleSearch" name="search" time="5.635"/>
  <testcase classname="com.TestNG.GoogleSearch" name="search" time="5.468"/>
</testsuite> <!-- com.TestNG.GoogleSearch -->
