<?xml version="1.0" encoding="UTF-8"?>
<!-- Generated by org.testng.reporters.JUnitReportReporter -->
<testsuite hostname="DESKTOP-A8NLMHK" failures="0" tests="2" name="com.TestNG.CrossBrowsingTesting" time="19.611" errors="0" timestamp="2024-12-07T16:04:21 IST" skipped="0">
  <testcase classname="com.TestNG.CrossBrowsingTesting" name="GoogleSearch" time="11.405"/>
  <testcase classname="com.TestNG.CrossBrowsingTesting" name="GoogleSearch" time="8.206"/>
</testsuite> <!-- com.TestNG.CrossBrowsingTesting -->
